[  3293.416] (WW) Failed to open protocol names file lib/xorg/protocol.txt
[  3293.417] 
X.Org X Server 1.20.6
X Protocol Version 11, Revision 0
[  3293.419] Build Operating System: Linux Arch Linux
[  3293.420] Current Operating System: Linux arch 5.4.8-zen1-1-zen #1 ZEN SMP PREEMPT Sat, 04 Jan 2020 23:38:36 +0000 x86_64
[  3293.420] Kernel command line: BOOT_IMAGE=/vmlinuz-linux-zen root=UUID=84c3e8de-6fe6-4acf-a810-0cbf674fa189 rw loglevel=3 quiet
[  3293.422] Build Date: 04 January 2020  10:10:25AM
[  3293.423]  
[  3293.424] Current version of pixman: 0.38.4
[  3293.426] 	Before reporting problems, check http://wiki.x.org
	to make sure that you have the latest version.
[  3293.426] Markers: (--) probed, (**) from config file, (==) default setting,
	(++) from command line, (!!) notice, (II) informational,
	(WW) warning, (EE) error, (NI) not implemented, (??) unknown.
[  3293.430] (==) Log file: "/home/omcho/.local/share/xorg/Xorg.1.log", Time: Wed Jan  8 20:10:26 2020
[  3293.431] (==) Using system config directory "/usr/share/X11/xorg.conf.d"
[  3293.432] (==) No Layout section.  Using the first Screen section.
[  3293.432] (==) No screen section available. Using defaults.
[  3293.432] (**) |-->Screen "Default Screen Section" (0)
[  3293.432] (**) |   |-->Monitor "<default monitor>"
[  3293.432] (==) No monitor specified for screen "Default Screen Section".
	Using a default monitor configuration.
[  3293.432] (==) Automatically adding devices
[  3293.432] (==) Automatically enabling devices
[  3293.432] (==) Automatically adding GPU devices
[  3293.432] (==) Automatically binding GPU devices
[  3293.432] (==) Max clients allowed: 256, resource mask: 0x1fffff
[  3293.432] (WW) The directory "/usr/share/fonts/misc" does not exist.
[  3293.432] 	Entry deleted from font path.
[  3293.432] (WW) The directory "/usr/share/fonts/OTF" does not exist.
[  3293.432] 	Entry deleted from font path.
[  3293.432] (WW) The directory "/usr/share/fonts/Type1" does not exist.
[  3293.432] 	Entry deleted from font path.
[  3293.432] (WW) The directory "/usr/share/fonts/100dpi" does not exist.
[  3293.432] 	Entry deleted from font path.
[  3293.432] (WW) The directory "/usr/share/fonts/75dpi" does not exist.
[  3293.432] 	Entry deleted from font path.
[  3293.432] (==) FontPath set to:
	/usr/share/fonts/TTF
[  3293.432] (==) ModulePath set to "/usr/lib/xorg/modules"
[  3293.432] (II) The server relies on udev to provide the list of input devices.
	If no devices become available, reconfigure udev or disable AutoAddDevices.
[  3293.432] (II) Module ABI versions:
[  3293.432] 	X.Org ANSI C Emulation: 0.4
[  3293.432] 	X.Org Video Driver: 24.0
[  3293.432] 	X.Org XInput driver : 24.1
[  3293.432] 	X.Org Server Extension : 10.0
[  3293.433] (++) using VT number 3

[  3293.435] (II) systemd-logind: took control of session /org/freedesktop/login1/session/_316
[  3293.436] (II) xfree86: Adding drm device (/dev/dri/card0)
[  3293.437] (II) systemd-logind: got fd for /dev/dri/card0 226:0 fd 10 paused 0
[  3293.442] (--) PCI:*(0@0:2:0) 8086:2a42:17aa:20e4 rev 7, Mem @ 0xf2000000/4194304, 0xd0000000/268435456, I/O @ 0x00001800/8, BIOS @ 0x????????/131072
[  3293.442] (--) PCI: (0@0:2:1) 8086:2a43:17aa:20e4 rev 7, Mem @ 0xf2400000/1048576
[  3293.442] (WW) Open ACPI failed (/var/run/acpid.socket) (No such file or directory)
[  3293.442] (II) LoadModule: "glx"
[  3293.442] (II) Loading /usr/lib/xorg/modules/extensions/libglx.so
[  3293.444] (II) Module glx: vendor="X.Org Foundation"
[  3293.444] 	compiled for 1.20.6, module version = 1.0.0
[  3293.444] 	ABI class: X.Org Server Extension, version 10.0
[  3293.444] (==) Matched intel as autoconfigured driver 0
[  3293.444] (==) Matched modesetting as autoconfigured driver 1
[  3293.444] (==) Matched fbdev as autoconfigured driver 2
[  3293.444] (==) Matched vesa as autoconfigured driver 3
[  3293.444] (==) Assigned the driver to the xf86ConfigLayout
[  3293.444] (II) LoadModule: "intel"
[  3293.444] (WW) Warning, couldn't open module intel
[  3293.444] (EE) Failed to load module "intel" (module does not exist, 0)
[  3293.444] (II) LoadModule: "modesetting"
[  3293.445] (II) Loading /usr/lib/xorg/modules/drivers/modesetting_drv.so
[  3293.445] (II) Module modesetting: vendor="X.Org Foundation"
[  3293.445] 	compiled for 1.20.6, module version = 1.20.6
[  3293.445] 	Module class: X.Org Video Driver
[  3293.445] 	ABI class: X.Org Video Driver, version 24.0
[  3293.445] (II) LoadModule: "fbdev"
[  3293.445] (WW) Warning, couldn't open module fbdev
[  3293.445] (EE) Failed to load module "fbdev" (module does not exist, 0)
[  3293.445] (II) LoadModule: "vesa"
[  3293.446] (WW) Warning, couldn't open module vesa
[  3293.446] (EE) Failed to load module "vesa" (module does not exist, 0)
[  3293.446] (II) modesetting: Driver for Modesetting Kernel Drivers: kms
[  3293.446] (II) modeset(0): using drv /dev/dri/card0
[  3293.446] (WW) VGA arbiter: cannot open kernel arbiter, no multi-card support
[  3293.446] (II) modeset(0): Creating default Display subsection in Screen section
	"Default Screen Section" for depth/fbbpp 24/32
[  3293.446] (==) modeset(0): Depth 24, (==) framebuffer bpp 32
[  3293.446] (==) modeset(0): RGB weight 888
[  3293.446] (==) modeset(0): Default visual is TrueColor
[  3293.446] (II) Loading sub module "glamoregl"
[  3293.446] (II) LoadModule: "glamoregl"
[  3293.446] (II) Loading /usr/lib/xorg/modules/libglamoregl.so
[  3293.451] (II) Module glamoregl: vendor="X.Org Foundation"
[  3293.451] 	compiled for 1.20.6, module version = 1.0.1
[  3293.451] 	ABI class: X.Org ANSI C Emulation, version 0.4
[  3293.479] (II) modeset(0): glamor X acceleration enabled on Mesa DRI Mobile Intel® GM45 Express Chipset 
[  3293.479] (II) modeset(0): glamor initialized
[  3293.479] (II) modeset(0): Output LVDS-1 has no monitor section
[  3293.488] (II) modeset(0): Output VGA-1 has no monitor section
[  3293.682] (II) modeset(0): Output HDMI-1 has no monitor section
[  3293.760] (II) modeset(0): Output DP-1 has no monitor section
[  3293.761] (II) modeset(0): Output HDMI-2 has no monitor section
[  3293.839] (II) modeset(0): Output DP-2 has no monitor section
[  3293.917] (II) modeset(0): Output DP-3 has no monitor section
[  3293.917] (II) modeset(0): EDID for output LVDS-1
[  3293.917] (II) modeset(0): Manufacturer: LEN  Model: 4010  Serial#: 0
[  3293.917] (II) modeset(0): Year: 2008  Week: 32
[  3293.917] (II) modeset(0): EDID Version: 1.3
[  3293.917] (II) modeset(0): Digital Display Input
[  3293.917] (II) modeset(0): Max Image Size [cm]: horiz.: 26  vert.: 16
[  3293.917] (II) modeset(0): Gamma: 2.20
[  3293.917] (II) modeset(0): DPMS capabilities: StandBy Suspend Off
[  3293.917] (II) modeset(0): Supported color encodings: RGB 4:4:4 YCrCb 4:4:4 
[  3293.917] (II) modeset(0): First detailed timing is preferred mode
[  3293.917] (II) modeset(0): redX: 0.577 redY: 0.338   greenX: 0.310 greenY: 0.563
[  3293.917] (II) modeset(0): blueX: 0.158 blueY: 0.157   whiteX: 0.313 whiteY: 0.329
[  3293.917] (II) modeset(0): Manufacturer's mask: 0
[  3293.917] (II) modeset(0): Supported detailed timing:
[  3293.917] (II) modeset(0): clock: 75.3 MHz   Image Size:  261 x 163 mm
[  3293.917] (II) modeset(0): h_active: 1280  h_sync: 1296  h_sync_end 1344 h_blank_end 1512 h_border: 0
[  3293.917] (II) modeset(0): v_active: 800  v_sync: 802  v_sync_end 804 v_blanking: 830 v_border: 0
[  3293.917] (II) modeset(0): Supported detailed timing:
[  3293.917] (II) modeset(0): clock: 59.3 MHz   Image Size:  261 x 163 mm
[  3293.917] (II) modeset(0): h_active: 1280  h_sync: 1328  h_sync_end 1360 h_blank_end 1440 h_border: 0
[  3293.917] (II) modeset(0): v_active: 800  v_sync: 803  v_sync_end 809 v_blanking: 823 v_border: 0
[  3293.917] (II) modeset(0): Unknown vendor-specific block f
[  3293.917] (II) modeset(0):  LTD121EWVB
[  3293.918] (II) modeset(0): EDID (in hex):
[  3293.918] (II) modeset(0): 	00ffffffffffff0030ae104000000000
[  3293.918] (II) modeset(0): 	20120103801a1078eae59593564f9028
[  3293.918] (II) modeset(0): 	28505400000001010101010101010101
[  3293.918] (II) modeset(0): 	0101010101016a1d00e850201e301030
[  3293.918] (II) modeset(0): 	220005a310000018261700a050201730
[  3293.918] (II) modeset(0): 	3020360005a3100000180000000f0081
[  3293.918] (II) modeset(0): 	0a3c810a3216010030640055000000fe
[  3293.918] (II) modeset(0): 	004c5444313231455756420a20200080
[  3293.918] (II) modeset(0): Printing probed modes for output LVDS-1
[  3293.918] (II) modeset(0): Modeline "1280x800"x60.0   75.30  1280 1296 1344 1512  800 802 804 830 -hsync -vsync (49.8 kHz eP)
[  3293.918] (II) modeset(0): Modeline "1280x800"x120.0  174.25  1280 1380 1516 1752  800 801 804 829 doublescan -hsync +vsync (99.5 kHz d)
[  3293.918] (II) modeset(0): Modeline "1280x800"x119.9  134.25  1280 1304 1320 1360  800 801 804 823 doublescan +hsync -vsync (98.7 kHz d)
[  3293.918] (II) modeset(0): Modeline "1280x800"x59.8   83.50  1280 1352 1480 1680  800 803 809 831 -hsync +vsync (49.7 kHz d)
[  3293.918] (II) modeset(0): Modeline "1280x800"x59.9   71.00  1280 1328 1360 1440  800 803 809 823 +hsync -vsync (49.3 kHz d)
[  3293.918] (II) modeset(0): Modeline "1280x800"x50.0   59.26  1280 1328 1360 1440  800 803 809 823 -hsync -vsync (41.2 kHz e)
[  3293.918] (II) modeset(0): Modeline "1280x720"x120.0  156.12  1280 1376 1512 1744  720 721 724 746 doublescan -hsync +vsync (89.5 kHz d)
[  3293.918] (II) modeset(0): Modeline "1280x720"x120.0  120.75  1280 1304 1320 1360  720 721 724 740 doublescan +hsync -vsync (88.8 kHz d)
[  3293.918] (II) modeset(0): Modeline "1280x720"x59.9   74.50  1280 1344 1472 1664  720 723 728 748 -hsync +vsync (44.8 kHz d)
[  3293.918] (II) modeset(0): Modeline "1280x720"x59.7   63.75  1280 1328 1360 1440  720 723 728 741 +hsync -vsync (44.3 kHz d)
[  3293.918] (II) modeset(0): Modeline "1024x768"x120.1  133.47  1024 1100 1212 1400  768 768 770 794 doublescan -hsync +vsync (95.3 kHz d)
[  3293.918] (II) modeset(0): Modeline "1024x768"x60.0   65.00  1024 1048 1184 1344  768 771 777 806 -hsync -vsync (48.4 kHz d)
[  3293.918] (II) modeset(0): Modeline "960x720"x120.0  117.00  960 1024 1128 1300  720 720 722 750 doublescan -hsync +vsync (90.0 kHz d)
[  3293.918] (II) modeset(0): Modeline "928x696"x120.1  109.15  928 976 1088 1264  696 696 698 719 doublescan -hsync +vsync (86.4 kHz d)
[  3293.918] (II) modeset(0): Modeline "896x672"x120.0  102.40  896 960 1060 1224  672 672 674 697 doublescan -hsync +vsync (83.7 kHz d)
[  3293.918] (II) modeset(0): Modeline "1024x576"x119.9   98.50  1024 1092 1200 1376  576 577 580 597 doublescan -hsync +vsync (71.6 kHz d)
[  3293.918] (II) modeset(0): Modeline "1024x576"x119.9   78.38  1024 1048 1064 1104  576 577 580 592 doublescan +hsync -vsync (71.0 kHz d)
[  3293.918] (II) modeset(0): Modeline "1024x576"x59.9   46.50  1024 1064 1160 1296  576 579 584 599 -hsync +vsync (35.9 kHz d)
[  3293.918] (II) modeset(0): Modeline "1024x576"x59.8   42.00  1024 1072 1104 1184  576 579 584 593 +hsync -vsync (35.5 kHz d)
[  3293.918] (II) modeset(0): Modeline "960x600"x119.9   96.62  960 1028 1128 1296  600 601 604 622 doublescan -hsync +vsync (74.6 kHz d)
[  3293.918] (II) modeset(0): Modeline "960x600"x120.0   77.00  960 984 1000 1040  600 601 604 617 doublescan +hsync -vsync (74.0 kHz d)
[  3293.918] (II) modeset(0): Modeline "960x540"x119.9   86.50  960 1024 1124 1288  540 541 544 560 doublescan -hsync +vsync (67.2 kHz d)
[  3293.918] (II) modeset(0): Modeline "960x540"x120.0   69.25  960 984 1000 1040  540 541 544 555 doublescan +hsync -vsync (66.6 kHz d)
[  3293.918] (II) modeset(0): Modeline "960x540"x59.6   40.75  960 992 1088 1216  540 543 548 562 -hsync +vsync (33.5 kHz d)
[  3293.918] (II) modeset(0): Modeline "960x540"x59.8   37.25  960 1008 1040 1120  540 543 548 556 +hsync -vsync (33.3 kHz d)
[  3293.918] (II) modeset(0): Modeline "800x600"x120.0   81.00  800 832 928 1080  600 600 602 625 doublescan +hsync +vsync (75.0 kHz d)
[  3293.918] (II) modeset(0): Modeline "800x600"x60.3   40.00  800 840 968 1056  600 601 605 628 +hsync +vsync (37.9 kHz d)
[  3293.918] (II) modeset(0): Modeline "800x600"x56.2   36.00  800 824 896 1024  600 601 603 625 +hsync +vsync (35.2 kHz d)
[  3293.918] (II) modeset(0): Modeline "840x525"x120.0   73.12  840 892 980 1120  525 526 529 544 doublescan -hsync +vsync (65.3 kHz d)
[  3293.918] (II) modeset(0): Modeline "840x525"x119.8   59.50  840 864 880 920  525 526 529 540 doublescan +hsync -vsync (64.7 kHz d)
[  3293.918] (II) modeset(0): Modeline "864x486"x59.9   32.50  864 888 968 1072  486 489 494 506 -hsync +vsync (30.3 kHz d)
[  3293.918] (II) modeset(0): Modeline "864x486"x59.6   30.50  864 912 944 1024  486 489 494 500 +hsync -vsync (29.8 kHz d)
[  3293.918] (II) modeset(0): Modeline "700x525"x120.0   61.00  700 744 820 940  525 526 532 541 doublescan +hsync +vsync (64.9 kHz d)
[  3293.918] (II) modeset(0): Modeline "800x450"x119.9   59.12  800 848 928 1056  450 451 454 467 doublescan -hsync +vsync (56.0 kHz d)
[  3293.918] (II) modeset(0): Modeline "800x450"x119.6   48.75  800 824 840 880  450 451 454 463 doublescan +hsync -vsync (55.4 kHz d)
[  3293.918] (II) modeset(0): Modeline "640x512"x120.0   54.00  640 664 720 844  512 512 514 533 doublescan +hsync +vsync (64.0 kHz d)
[  3293.918] (II) modeset(0): Modeline "700x450"x119.9   51.75  700 740 812 924  450 451 456 467 doublescan -hsync +vsync (56.0 kHz d)
[  3293.918] (II) modeset(0): Modeline "700x450"x119.8   43.25  700 724 740 780  450 451 456 463 doublescan +hsync -vsync (55.4 kHz d)
[  3293.918] (II) modeset(0): Modeline "640x480"x120.0   54.00  640 688 744 900  480 480 482 500 doublescan +hsync +vsync (60.0 kHz d)
[  3293.919] (II) modeset(0): Modeline "640x480"x59.9   25.18  640 656 752 800  480 490 492 525 -hsync -vsync (31.5 kHz d)
[  3293.919] (II) modeset(0): Modeline "720x405"x59.5   22.50  720 744 808 896  405 408 413 422 -hsync +vsync (25.1 kHz d)
[  3293.919] (II) modeset(0): Modeline "720x405"x59.0   21.75  720 768 800 880  405 408 413 419 +hsync -vsync (24.7 kHz d)
[  3293.919] (II) modeset(0): Modeline "684x384"x119.8   42.62  684 720 788 892  384 385 390 399 doublescan -hsync +vsync (47.8 kHz d)
[  3293.919] (II) modeset(0): Modeline "684x384"x119.7   36.12  684 708 724 764  384 385 390 395 doublescan +hsync -vsync (47.3 kHz d)
[  3293.919] (II) modeset(0): Modeline "640x400"x119.8   41.75  640 676 740 840  400 401 404 415 doublescan -hsync +vsync (49.7 kHz d)
[  3293.919] (II) modeset(0): Modeline "640x400"x120.0   35.50  640 664 680 720  400 401 404 411 doublescan +hsync -vsync (49.3 kHz d)
[  3293.919] (II) modeset(0): Modeline "640x360"x119.7   37.25  640 672 736 832  360 361 364 374 doublescan -hsync +vsync (44.8 kHz d)
[  3293.919] (II) modeset(0): Modeline "640x360"x119.7   31.88  640 664 680 720  360 361 364 370 doublescan +hsync -vsync (44.3 kHz d)
[  3293.919] (II) modeset(0): Modeline "640x360"x59.8   18.00  640 664 720 800  360 363 368 376 -hsync +vsync (22.5 kHz d)
[  3293.919] (II) modeset(0): Modeline "640x360"x59.3   17.75  640 688 720 800  360 363 368 374 +hsync -vsync (22.2 kHz d)
[  3293.919] (II) modeset(0): Modeline "512x384"x120.0   32.50  512 524 592 672  384 385 388 403 doublescan -hsync -vsync (48.4 kHz d)
[  3293.919] (II) modeset(0): Modeline "512x288"x120.0   23.25  512 532 580 648  288 289 292 299 doublescan -hsync +vsync (35.9 kHz d)
[  3293.919] (II) modeset(0): Modeline "512x288"x119.8   21.00  512 536 552 592  288 289 292 296 doublescan +hsync -vsync (35.5 kHz d)
[  3293.919] (II) modeset(0): Modeline "480x270"x119.3   20.38  480 496 544 608  270 271 274 281 doublescan -hsync +vsync (33.5 kHz d)
[  3293.919] (II) modeset(0): Modeline "480x270"x119.6   18.62  480 504 520 560  270 271 274 278 doublescan +hsync -vsync (33.3 kHz d)
[  3293.919] (II) modeset(0): Modeline "400x300"x120.6   20.00  400 420 484 528  300 300 302 314 doublescan +hsync +vsync (37.9 kHz d)
[  3293.919] (II) modeset(0): Modeline "400x300"x112.7   18.00  400 412 448 512  300 300 301 312 doublescan +hsync +vsync (35.2 kHz d)
[  3293.919] (II) modeset(0): Modeline "432x243"x119.8   16.25  432 444 484 536  243 244 247 253 doublescan -hsync +vsync (30.3 kHz d)
[  3293.919] (II) modeset(0): Modeline "432x243"x119.1   15.25  432 456 472 512  243 244 247 250 doublescan +hsync -vsync (29.8 kHz d)
[  3293.919] (II) modeset(0): Modeline "320x240"x120.1   12.59  320 328 376 400  240 245 246 262 doublescan -hsync -vsync (31.5 kHz d)
[  3293.919] (II) modeset(0): Modeline "360x202"x119.0   11.25  360 372 404 448  202 204 206 211 doublescan -hsync +vsync (25.1 kHz d)
[  3293.919] (II) modeset(0): Modeline "360x202"x118.3   10.88  360 384 400 440  202 204 206 209 doublescan +hsync -vsync (24.7 kHz d)
[  3293.919] (II) modeset(0): Modeline "320x180"x119.7    9.00  320 332 360 400  180 181 184 188 doublescan -hsync +vsync (22.5 kHz d)
[  3293.919] (II) modeset(0): Modeline "320x180"x118.6    8.88  320 344 360 400  180 181 184 187 doublescan +hsync -vsync (22.2 kHz d)
[  3293.928] (II) modeset(0): EDID for output VGA-1
[  3294.123] (II) modeset(0): EDID for output HDMI-1
[  3294.201] (II) modeset(0): EDID for output DP-1
[  3294.202] (II) modeset(0): EDID for output HDMI-2
[  3294.280] (II) modeset(0): EDID for output DP-2
[  3294.358] (II) modeset(0): EDID for output DP-3
[  3294.358] (II) modeset(0): Output LVDS-1 connected
[  3294.358] (II) modeset(0): Output VGA-1 disconnected
[  3294.358] (II) modeset(0): Output HDMI-1 disconnected
[  3294.358] (II) modeset(0): Output DP-1 disconnected
[  3294.358] (II) modeset(0): Output HDMI-2 disconnected
[  3294.358] (II) modeset(0): Output DP-2 disconnected
[  3294.358] (II) modeset(0): Output DP-3 disconnected
[  3294.358] (II) modeset(0): Using exact sizes for initial modes
[  3294.358] (II) modeset(0): Output LVDS-1 using initial mode 1280x800 +0+0
[  3294.358] (==) modeset(0): Using gamma correction (1.0, 1.0, 1.0)
[  3294.358] (==) modeset(0): DPI set to (96, 96)
[  3294.358] (II) Loading sub module "fb"
[  3294.358] (II) LoadModule: "fb"
[  3294.358] (II) Loading /usr/lib/xorg/modules/libfb.so
[  3294.358] (II) Module fb: vendor="X.Org Foundation"
[  3294.358] 	compiled for 1.20.6, module version = 1.0.0
[  3294.358] 	ABI class: X.Org ANSI C Emulation, version 0.4
[  3294.370] (==) modeset(0): Backing store enabled
[  3294.370] (==) modeset(0): Silken mouse disabled
[  3294.400] (II) modeset(0): Initializing kms color map for depth 24, 8 bpc.
[  3294.400] (==) modeset(0): DPMS enabled
[  3294.401] (II) modeset(0): [DRI2] Setup complete
[  3294.401] (II) modeset(0): [DRI2]   DRI driver: i965
[  3294.401] (II) modeset(0): [DRI2]   VDPAU driver: i965
[  3294.401] (II) Initializing extension Generic Event Extension
[  3294.401] (II) Initializing extension SHAPE
[  3294.401] (II) Initializing extension MIT-SHM
[  3294.401] (II) Initializing extension XInputExtension
[  3294.401] (II) Initializing extension XTEST
[  3294.401] (II) Initializing extension BIG-REQUESTS
[  3294.401] (II) Initializing extension SYNC
[  3294.401] (II) Initializing extension XKEYBOARD
[  3294.401] (II) Initializing extension XC-MISC
[  3294.401] (II) Initializing extension SECURITY
[  3294.401] (II) Initializing extension XFIXES
[  3294.401] (II) Initializing extension RENDER
[  3294.401] (II) Initializing extension RANDR
[  3294.401] (II) Initializing extension COMPOSITE
[  3294.401] (II) Initializing extension DAMAGE
[  3294.401] (II) Initializing extension MIT-SCREEN-SAVER
[  3294.401] (II) Initializing extension DOUBLE-BUFFER
[  3294.401] (II) Initializing extension RECORD
[  3294.401] (II) Initializing extension DPMS
[  3294.401] (II) Initializing extension Present
[  3294.401] (II) Initializing extension DRI3
[  3294.401] (II) Initializing extension X-Resource
[  3294.401] (II) Initializing extension XVideo
[  3294.401] (II) Initializing extension XVideo-MotionCompensation
[  3294.401] (II) Initializing extension GLX
[  3294.425] (II) AIGLX: Loaded and initialized i965
[  3294.425] (II) GLX: Initialized DRI2 GL provider for screen 0
[  3294.425] (II) Initializing extension XFree86-VidModeExtension
[  3294.425] (II) Initializing extension XFree86-DGA
[  3294.425] (II) Initializing extension XFree86-DRI
[  3294.425] (II) Initializing extension DRI2
[  3294.428] (II) modeset(0): Damage tracking initialized
[  3294.428] (II) modeset(0): Setting screen physical size to 338 x 211
[  3294.481] (II) config/udev: Adding input device Power Button (/dev/input/event2)
[  3294.481] (**) Power Button: Applying InputClass "libinput keyboard catchall"
[  3294.481] (II) LoadModule: "libinput"
[  3294.481] (II) Loading /usr/lib/xorg/modules/input/libinput_drv.so
[  3294.483] (II) Module libinput: vendor="X.Org Foundation"
[  3294.483] 	compiled for 1.20.5, module version = 0.29.0
[  3294.483] 	Module class: X.Org XInput Driver
[  3294.483] 	ABI class: X.Org XInput driver, version 24.1
[  3294.483] (II) Using input driver 'libinput' for 'Power Button'
[  3294.484] (II) systemd-logind: got fd for /dev/input/event2 13:66 fd 14 paused 0
[  3294.484] (**) Power Button: always reports core events
[  3294.484] (**) Option "Device" "/dev/input/event2"
[  3294.485] (**) Option "_source" "server/udev"
[  3294.487] (II) event2  - Power Button: is tagged by udev as: Keyboard
[  3294.487] (II) event2  - Power Button: device is a keyboard
[  3294.487] (II) event2  - Power Button: device removed
[  3294.488] (**) Option "config_info" "udev:/sys/devices/LNXSYSTM:00/LNXPWRBN:00/input/input2/event2"
[  3294.488] (II) XINPUT: Adding extended input device "Power Button" (type: KEYBOARD, id 6)
[  3294.489] (II) event2  - Power Button: is tagged by udev as: Keyboard
[  3294.489] (II) event2  - Power Button: device is a keyboard
[  3294.490] (II) config/udev: Adding input device Video Bus (/dev/input/event8)
[  3294.490] (**) Video Bus: Applying InputClass "libinput keyboard catchall"
[  3294.490] (II) Using input driver 'libinput' for 'Video Bus'
[  3294.492] (II) systemd-logind: got fd for /dev/input/event8 13:72 fd 17 paused 0
[  3294.492] (**) Video Bus: always reports core events
[  3294.492] (**) Option "Device" "/dev/input/event8"
[  3294.492] (**) Option "_source" "server/udev"
[  3294.493] (II) event8  - Video Bus: is tagged by udev as: Keyboard
[  3294.493] (II) event8  - Video Bus: device is a keyboard
[  3294.493] (II) event8  - Video Bus: device removed
[  3294.493] (**) Option "config_info" "udev:/sys/devices/LNXSYSTM:00/LNXSYBUS:00/PNP0A08:00/LNXVIDEO:00/input/input9/event8"
[  3294.493] (II) XINPUT: Adding extended input device "Video Bus" (type: KEYBOARD, id 7)
[  3294.495] (II) event8  - Video Bus: is tagged by udev as: Keyboard
[  3294.495] (II) event8  - Video Bus: device is a keyboard
[  3294.496] (II) config/udev: Adding input device Lid Switch (/dev/input/event0)
[  3294.496] (II) No input driver specified, ignoring this device.
[  3294.496] (II) This device may have been added with another device file.
[  3294.497] (II) config/udev: Adding input device Sleep Button (/dev/input/event1)
[  3294.497] (**) Sleep Button: Applying InputClass "libinput keyboard catchall"
[  3294.497] (II) Using input driver 'libinput' for 'Sleep Button'
[  3294.498] (II) systemd-logind: got fd for /dev/input/event1 13:65 fd 18 paused 0
[  3294.498] (**) Sleep Button: always reports core events
[  3294.498] (**) Option "Device" "/dev/input/event1"
[  3294.498] (**) Option "_source" "server/udev"
[  3294.499] (II) event1  - Sleep Button: is tagged by udev as: Keyboard
[  3294.499] (II) event1  - Sleep Button: device is a keyboard
[  3294.499] (II) event1  - Sleep Button: device removed
[  3294.499] (**) Option "config_info" "udev:/sys/devices/LNXSYSTM:00/LNXSYBUS:00/PNP0C0E:00/input/input1/event1"
[  3294.499] (II) XINPUT: Adding extended input device "Sleep Button" (type: KEYBOARD, id 8)
[  3294.501] (II) event1  - Sleep Button: is tagged by udev as: Keyboard
[  3294.501] (II) event1  - Sleep Button: device is a keyboard
[  3294.503] (II) config/udev: Adding input device UVC Camera (17ef:480c): Integra (/dev/input/event4)
[  3294.503] (**) UVC Camera (17ef:480c): Integra: Applying InputClass "libinput keyboard catchall"
[  3294.503] (II) Using input driver 'libinput' for 'UVC Camera (17ef:480c): Integra'
[  3294.504] (II) systemd-logind: got fd for /dev/input/event4 13:68 fd 19 paused 0
[  3294.504] (**) UVC Camera (17ef:480c): Integra: always reports core events
[  3294.504] (**) Option "Device" "/dev/input/event4"
[  3294.504] (**) Option "_source" "server/udev"
[  3294.506] (II) event4  - UVC Camera (17ef:480c): Integra: is tagged by udev as: Keyboard
[  3294.506] (II) event4  - UVC Camera (17ef:480c): Integra: device is a keyboard
[  3294.506] (II) event4  - UVC Camera (17ef:480c): Integra: device removed
[  3294.506] (**) Option "config_info" "udev:/sys/devices/pci0000:00/0000:00:1a.7/usb1/1-6/1-6:1.0/input/input5/event4"
[  3294.506] (II) XINPUT: Adding extended input device "UVC Camera (17ef:480c): Integra" (type: KEYBOARD, id 9)
[  3294.508] (II) event4  - UVC Camera (17ef:480c): Integra: is tagged by udev as: Keyboard
[  3294.508] (II) event4  - UVC Camera (17ef:480c): Integra: device is a keyboard
[  3294.509] (II) config/udev: Adding input device HDA Intel Mic (/dev/input/event9)
[  3294.509] (II) No input driver specified, ignoring this device.
[  3294.509] (II) This device may have been added with another device file.
[  3294.510] (II) config/udev: Adding input device HDA Intel Dock Mic (/dev/input/event10)
[  3294.510] (II) No input driver specified, ignoring this device.
[  3294.510] (II) This device may have been added with another device file.
[  3294.510] (II) config/udev: Adding input device HDA Intel Dock Headphone (/dev/input/event11)
[  3294.510] (II) No input driver specified, ignoring this device.
[  3294.510] (II) This device may have been added with another device file.
[  3294.511] (II) config/udev: Adding input device HDA Intel Headphone (/dev/input/event12)
[  3294.511] (II) No input driver specified, ignoring this device.
[  3294.511] (II) This device may have been added with another device file.
[  3294.512] (II) config/udev: Adding input device AT Translated Set 2 keyboard (/dev/input/event3)
[  3294.512] (**) AT Translated Set 2 keyboard: Applying InputClass "libinput keyboard catchall"
[  3294.512] (II) Using input driver 'libinput' for 'AT Translated Set 2 keyboard'
[  3294.513] (II) systemd-logind: got fd for /dev/input/event3 13:67 fd 20 paused 0
[  3294.513] (**) AT Translated Set 2 keyboard: always reports core events
[  3294.513] (**) Option "Device" "/dev/input/event3"
[  3294.513] (**) Option "_source" "server/udev"
[  3294.515] (II) event3  - AT Translated Set 2 keyboard: is tagged by udev as: Keyboard
[  3294.515] (II) event3  - AT Translated Set 2 keyboard: device is a keyboard
[  3294.516] (II) event3  - AT Translated Set 2 keyboard: device removed
[  3294.516] (**) Option "config_info" "udev:/sys/devices/platform/i8042/serio0/input/input3/event3"
[  3294.516] (II) XINPUT: Adding extended input device "AT Translated Set 2 keyboard" (type: KEYBOARD, id 10)
[  3294.518] (II) event3  - AT Translated Set 2 keyboard: is tagged by udev as: Keyboard
[  3294.518] (II) event3  - AT Translated Set 2 keyboard: device is a keyboard
[  3294.519] (II) config/udev: Adding input device TPPS/2 IBM TrackPoint (/dev/input/event6)
[  3294.519] (**) TPPS/2 IBM TrackPoint: Applying InputClass "libinput pointer catchall"
[  3294.520] (II) Using input driver 'libinput' for 'TPPS/2 IBM TrackPoint'
[  3294.521] (II) systemd-logind: got fd for /dev/input/event6 13:70 fd 21 paused 0
[  3294.521] (**) TPPS/2 IBM TrackPoint: always reports core events
[  3294.521] (**) Option "Device" "/dev/input/event6"
[  3294.521] (**) Option "_source" "server/udev"
[  3294.522] (II) event6  - TPPS/2 IBM TrackPoint: is tagged by udev as: Mouse Pointingstick
[  3294.523] (II) event6  - TPPS/2 IBM TrackPoint: trackpoint multiplier is 1.25
[  3294.523] (II) event6  - TPPS/2 IBM TrackPoint: device is a pointer
[  3294.524] (II) event6  - TPPS/2 IBM TrackPoint: device removed
[  3294.524] (**) Option "config_info" "udev:/sys/devices/platform/i8042/serio1/input/input7/event6"
[  3294.524] (II) XINPUT: Adding extended input device "TPPS/2 IBM TrackPoint" (type: MOUSE, id 11)
[  3294.524] (**) Option "AccelerationScheme" "none"
[  3294.524] (**) TPPS/2 IBM TrackPoint: (accel) selected scheme none/0
[  3294.524] (**) TPPS/2 IBM TrackPoint: (accel) acceleration factor: 2.000
[  3294.524] (**) TPPS/2 IBM TrackPoint: (accel) acceleration threshold: 4
[  3294.526] (II) event6  - TPPS/2 IBM TrackPoint: is tagged by udev as: Mouse Pointingstick
[  3294.526] (II) event6  - TPPS/2 IBM TrackPoint: trackpoint multiplier is 1.25
[  3294.526] (II) event6  - TPPS/2 IBM TrackPoint: device is a pointer
[  3294.528] (II) config/udev: Adding input device TPPS/2 IBM TrackPoint (/dev/input/mouse0)
[  3294.528] (II) No input driver specified, ignoring this device.
[  3294.528] (II) This device may have been added with another device file.
[  3294.528] (II) config/udev: Adding input device PC Speaker (/dev/input/event5)
[  3294.528] (II) No input driver specified, ignoring this device.
[  3294.528] (II) This device may have been added with another device file.
[  3294.529] (II) config/udev: Adding input device ThinkPad Extra Buttons (/dev/input/event7)
[  3294.529] (**) ThinkPad Extra Buttons: Applying InputClass "libinput keyboard catchall"
[  3294.529] (II) Using input driver 'libinput' for 'ThinkPad Extra Buttons'
[  3294.530] (II) systemd-logind: got fd for /dev/input/event7 13:71 fd 22 paused 0
[  3294.530] (**) ThinkPad Extra Buttons: always reports core events
[  3294.530] (**) Option "Device" "/dev/input/event7"
[  3294.530] (**) Option "_source" "server/udev"
[  3294.532] (II) event7  - ThinkPad Extra Buttons: is tagged by udev as: Keyboard Switch
[  3294.532] (II) event7  - ThinkPad Extra Buttons: device is a keyboard
[  3294.532] (II) event7  - ThinkPad Extra Buttons: device removed
[  3294.532] (**) Option "config_info" "udev:/sys/devices/platform/thinkpad_acpi/input/input8/event7"
[  3294.532] (II) XINPUT: Adding extended input device "ThinkPad Extra Buttons" (type: KEYBOARD, id 12)
[  3294.534] (II) event7  - ThinkPad Extra Buttons: is tagged by udev as: Keyboard Switch
[  3294.534] (II) event7  - ThinkPad Extra Buttons: device is a keyboard
[  3568.022] (II) modeset(0): EDID vendor "LEN", prod id 16400
[  3568.022] (II) modeset(0): Printing DDC gathered Modelines:
[  3568.022] (II) modeset(0): Modeline "1280x800"x0.0   75.30  1280 1296 1344 1512  800 802 804 830 -hsync -vsync (49.8 kHz eP)
[  3568.022] (II) modeset(0): Modeline "1280x800"x0.0   59.26  1280 1328 1360 1440  800 803 809 823 -hsync -vsync (41.2 kHz e)
[  3949.454] (**) Option "fd" "14"
[  3949.454] (II) event2  - Power Button: device removed
[  3949.454] (**) Option "fd" "17"
[  3949.454] (II) event8  - Video Bus: device removed
[  3949.454] (**) Option "fd" "18"
[  3949.454] (II) event1  - Sleep Button: device removed
[  3949.454] (**) Option "fd" "19"
[  3949.454] (II) event4  - UVC Camera (17ef:480c): Integra: device removed
[  3949.454] (**) Option "fd" "20"
[  3949.454] (II) event3  - AT Translated Set 2 keyboard: device removed
[  3949.454] (**) Option "fd" "21"
[  3949.454] (II) event6  - TPPS/2 IBM TrackPoint: device removed
[  3949.454] (**) Option "fd" "22"
[  3949.454] (II) event7  - ThinkPad Extra Buttons: device removed
[  3949.473] (II) UnloadModule: "libinput"
[  3949.473] (II) systemd-logind: releasing fd for 13:71
[  3949.476] (II) UnloadModule: "libinput"
[  3949.476] (II) systemd-logind: releasing fd for 13:70
[  3949.504] (II) UnloadModule: "libinput"
[  3949.504] (II) systemd-logind: releasing fd for 13:67
[  3949.513] (II) UnloadModule: "libinput"
[  3949.513] (II) systemd-logind: releasing fd for 13:68
[  3949.536] (II) UnloadModule: "libinput"
[  3949.536] (II) systemd-logind: releasing fd for 13:65
[  3949.546] (II) UnloadModule: "libinput"
[  3949.546] (II) systemd-logind: releasing fd for 13:72
[  3949.566] (II) UnloadModule: "libinput"
[  3949.566] (II) systemd-logind: releasing fd for 13:66
[  3949.631] (II) Server terminated successfully (0). Closing log file.
