[   502.876] (WW) Failed to open protocol names file lib/xorg/protocol.txt
[   502.876] 
X.Org X Server 1.20.7
X Protocol Version 11, Revision 0
[   502.877] Build Operating System: Linux Arch Linux
[   502.877] Current Operating System: Linux arch 5.5.10-zen1-1-zen #1 ZEN SMP PREEMPT Wed, 18 Mar 2020 08:40:41 +0000 x86_64
[   502.877] Kernel command line: BOOT_IMAGE=/vmlinuz-linux-zen root=UUID=84c3e8de-6fe6-4acf-a810-0cbf674fa189 rw loglevel=3 quiet
[   502.877] Build Date: 14 January 2020  07:13:52AM
[   502.877]  
[   502.877] Current version of pixman: 0.38.4
[   502.877] 	Before reporting problems, check http://wiki.x.org
	to make sure that you have the latest version.
[   502.877] Markers: (--) probed, (**) from config file, (==) default setting,
	(++) from command line, (!!) notice, (II) informational,
	(WW) warning, (EE) error, (NI) not implemented, (??) unknown.
[   502.878] (==) Log file: "/home/omcho/.local/share/xorg/Xorg.0.log", Time: Sat Mar 28 02:59:01 2020
[   502.878] (==) Using system config directory "/usr/share/X11/xorg.conf.d"
[   502.878] (==) No Layout section.  Using the first Screen section.
[   502.878] (==) No screen section available. Using defaults.
[   502.878] (**) |-->Screen "Default Screen Section" (0)
[   502.878] (**) |   |-->Monitor "<default monitor>"
[   502.878] (==) No monitor specified for screen "Default Screen Section".
	Using a default monitor configuration.
[   502.878] (==) Automatically adding devices
[   502.878] (==) Automatically enabling devices
[   502.878] (==) Automatically adding GPU devices
[   502.878] (==) Automatically binding GPU devices
[   502.878] (==) Max clients allowed: 256, resource mask: 0x1fffff
[   502.878] (WW) The directory "/usr/share/fonts/misc" does not exist.
[   502.878] 	Entry deleted from font path.
[   502.879] (WW) The directory "/usr/share/fonts/OTF" does not exist.
[   502.879] 	Entry deleted from font path.
[   502.879] (WW) The directory "/usr/share/fonts/Type1" does not exist.
[   502.879] 	Entry deleted from font path.
[   502.879] (WW) The directory "/usr/share/fonts/100dpi" does not exist.
[   502.879] 	Entry deleted from font path.
[   502.879] (WW) The directory "/usr/share/fonts/75dpi" does not exist.
[   502.879] 	Entry deleted from font path.
[   502.879] (==) FontPath set to:
	/usr/share/fonts/TTF
[   502.879] (==) ModulePath set to "/usr/lib/xorg/modules"
[   502.879] (II) The server relies on udev to provide the list of input devices.
	If no devices become available, reconfigure udev or disable AutoAddDevices.
[   502.879] (II) Module ABI versions:
[   502.879] 	X.Org ANSI C Emulation: 0.4
[   502.879] 	X.Org Video Driver: 24.1
[   502.879] 	X.Org XInput driver : 24.1
[   502.879] 	X.Org Server Extension : 10.0
[   502.879] (++) using VT number 1

[   502.881] (II) systemd-logind: took control of session /org/freedesktop/login1/session/_34
[   502.883] (II) xfree86: Adding drm device (/dev/dri/card0)
[   502.884] (II) systemd-logind: got fd for /dev/dri/card0 226:0 fd 10 paused 0
[   502.889] (--) PCI:*(0@0:2:0) 8086:2a42:17aa:20e4 rev 7, Mem @ 0xf2000000/4194304, 0xd0000000/268435456, I/O @ 0x00001800/8, BIOS @ 0x????????/131072
[   502.889] (--) PCI: (0@0:2:1) 8086:2a43:17aa:20e4 rev 7, Mem @ 0xf2400000/1048576
[   502.889] (WW) Open ACPI failed (/var/run/acpid.socket) (No such file or directory)
[   502.889] (II) LoadModule: "glx"
[   502.889] (II) Loading /usr/lib/xorg/modules/extensions/libglx.so
[   502.891] (II) Module glx: vendor="X.Org Foundation"
[   502.891] 	compiled for 1.20.7, module version = 1.0.0
[   502.891] 	ABI class: X.Org Server Extension, version 10.0
[   502.891] (==) Matched intel as autoconfigured driver 0
[   502.891] (==) Matched modesetting as autoconfigured driver 1
[   502.891] (==) Matched fbdev as autoconfigured driver 2
[   502.891] (==) Matched vesa as autoconfigured driver 3
[   502.891] (==) Assigned the driver to the xf86ConfigLayout
[   502.891] (II) LoadModule: "intel"
[   502.891] (WW) Warning, couldn't open module intel
[   502.891] (EE) Failed to load module "intel" (module does not exist, 0)
[   502.891] (II) LoadModule: "modesetting"
[   502.891] (II) Loading /usr/lib/xorg/modules/drivers/modesetting_drv.so
[   502.892] (II) Module modesetting: vendor="X.Org Foundation"
[   502.892] 	compiled for 1.20.7, module version = 1.20.7
[   502.892] 	Module class: X.Org Video Driver
[   502.892] 	ABI class: X.Org Video Driver, version 24.1
[   502.892] (II) LoadModule: "fbdev"
[   502.892] (WW) Warning, couldn't open module fbdev
[   502.892] (EE) Failed to load module "fbdev" (module does not exist, 0)
[   502.892] (II) LoadModule: "vesa"
[   502.892] (WW) Warning, couldn't open module vesa
[   502.892] (EE) Failed to load module "vesa" (module does not exist, 0)
[   502.892] (II) modesetting: Driver for Modesetting Kernel Drivers: kms
[   502.892] (II) modeset(0): using drv /dev/dri/card0
[   502.892] (WW) VGA arbiter: cannot open kernel arbiter, no multi-card support
[   502.892] (II) modeset(0): Creating default Display subsection in Screen section
	"Default Screen Section" for depth/fbbpp 24/32
[   502.892] (==) modeset(0): Depth 24, (==) framebuffer bpp 32
[   502.892] (==) modeset(0): RGB weight 888
[   502.892] (==) modeset(0): Default visual is TrueColor
[   502.892] (II) Loading sub module "glamoregl"
[   502.893] (II) LoadModule: "glamoregl"
[   502.893] (II) Loading /usr/lib/xorg/modules/libglamoregl.so
[   502.897] (II) Module glamoregl: vendor="X.Org Foundation"
[   502.897] 	compiled for 1.20.7, module version = 1.0.1
[   502.897] 	ABI class: X.Org ANSI C Emulation, version 0.4
[   502.925] (II) modeset(0): glamor X acceleration enabled on Mesa DRI Mobile Intel® GM45 Express Chipset 
[   502.925] (II) modeset(0): glamor initialized
[   502.925] (II) modeset(0): Output LVDS-1 has no monitor section
[   502.934] (II) modeset(0): Output VGA-1 has no monitor section
[   503.083] (II) modeset(0): Output HDMI-1 has no monitor section
[   503.162] (II) modeset(0): Output DP-1 has no monitor section
[   503.163] (II) modeset(0): Output HDMI-2 has no monitor section
[   503.241] (II) modeset(0): Output DP-2 has no monitor section
[   503.319] (II) modeset(0): Output DP-3 has no monitor section
[   503.319] (II) modeset(0): EDID for output LVDS-1
[   503.319] (II) modeset(0): Manufacturer: LEN  Model: 4010  Serial#: 0
[   503.319] (II) modeset(0): Year: 2008  Week: 32
[   503.319] (II) modeset(0): EDID Version: 1.3
[   503.319] (II) modeset(0): Digital Display Input
[   503.319] (II) modeset(0): Max Image Size [cm]: horiz.: 26  vert.: 16
[   503.319] (II) modeset(0): Gamma: 2.20
[   503.319] (II) modeset(0): DPMS capabilities: StandBy Suspend Off
[   503.319] (II) modeset(0): Supported color encodings: RGB 4:4:4 YCrCb 4:4:4 
[   503.319] (II) modeset(0): First detailed timing is preferred mode
[   503.319] (II) modeset(0): redX: 0.577 redY: 0.338   greenX: 0.310 greenY: 0.563
[   503.319] (II) modeset(0): blueX: 0.158 blueY: 0.157   whiteX: 0.313 whiteY: 0.329
[   503.319] (II) modeset(0): Manufacturer's mask: 0
[   503.319] (II) modeset(0): Supported detailed timing:
[   503.319] (II) modeset(0): clock: 75.3 MHz   Image Size:  261 x 163 mm
[   503.319] (II) modeset(0): h_active: 1280  h_sync: 1296  h_sync_end 1344 h_blank_end 1512 h_border: 0
[   503.319] (II) modeset(0): v_active: 800  v_sync: 802  v_sync_end 804 v_blanking: 830 v_border: 0
[   503.319] (II) modeset(0): Supported detailed timing:
[   503.319] (II) modeset(0): clock: 59.3 MHz   Image Size:  261 x 163 mm
[   503.319] (II) modeset(0): h_active: 1280  h_sync: 1328  h_sync_end 1360 h_blank_end 1440 h_border: 0
[   503.319] (II) modeset(0): v_active: 800  v_sync: 803  v_sync_end 809 v_blanking: 823 v_border: 0
[   503.319] (II) modeset(0): Unknown vendor-specific block f
[   503.319] (II) modeset(0):  LTD121EWVB
[   503.319] (II) modeset(0): EDID (in hex):
[   503.320] (II) modeset(0): 	00ffffffffffff0030ae104000000000
[   503.320] (II) modeset(0): 	20120103801a1078eae59593564f9028
[   503.320] (II) modeset(0): 	28505400000001010101010101010101
[   503.320] (II) modeset(0): 	0101010101016a1d00e850201e301030
[   503.320] (II) modeset(0): 	220005a310000018261700a050201730
[   503.320] (II) modeset(0): 	3020360005a3100000180000000f0081
[   503.320] (II) modeset(0): 	0a3c810a3216010030640055000000fe
[   503.320] (II) modeset(0): 	004c5444313231455756420a20200080
[   503.320] (II) modeset(0): Printing probed modes for output LVDS-1
[   503.320] (II) modeset(0): Modeline "1280x800"x60.0   75.30  1280 1296 1344 1512  800 802 804 830 -hsync -vsync (49.8 kHz eP)
[   503.320] (II) modeset(0): Modeline "1280x800"x120.0  174.25  1280 1380 1516 1752  800 801 804 829 doublescan -hsync +vsync (99.5 kHz d)
[   503.320] (II) modeset(0): Modeline "1280x800"x119.9  134.25  1280 1304 1320 1360  800 801 804 823 doublescan +hsync -vsync (98.7 kHz d)
[   503.320] (II) modeset(0): Modeline "1280x800"x59.8   83.50  1280 1352 1480 1680  800 803 809 831 -hsync +vsync (49.7 kHz d)
[   503.320] (II) modeset(0): Modeline "1280x800"x59.9   71.00  1280 1328 1360 1440  800 803 809 823 +hsync -vsync (49.3 kHz d)
[   503.320] (II) modeset(0): Modeline "1280x800"x50.0   59.26  1280 1328 1360 1440  800 803 809 823 -hsync -vsync (41.2 kHz e)
[   503.320] (II) modeset(0): Modeline "1280x720"x120.0  156.12  1280 1376 1512 1744  720 721 724 746 doublescan -hsync +vsync (89.5 kHz d)
[   503.320] (II) modeset(0): Modeline "1280x720"x120.0  120.75  1280 1304 1320 1360  720 721 724 740 doublescan +hsync -vsync (88.8 kHz d)
[   503.320] (II) modeset(0): Modeline "1280x720"x59.9   74.50  1280 1344 1472 1664  720 723 728 748 -hsync +vsync (44.8 kHz d)
[   503.320] (II) modeset(0): Modeline "1280x720"x59.7   63.75  1280 1328 1360 1440  720 723 728 741 +hsync -vsync (44.3 kHz d)
[   503.320] (II) modeset(0): Modeline "1024x768"x120.1  133.47  1024 1100 1212 1400  768 768 770 794 doublescan -hsync +vsync (95.3 kHz d)
[   503.320] (II) modeset(0): Modeline "1024x768"x60.0   65.00  1024 1048 1184 1344  768 771 777 806 -hsync -vsync (48.4 kHz d)
[   503.320] (II) modeset(0): Modeline "960x720"x120.0  117.00  960 1024 1128 1300  720 720 722 750 doublescan -hsync +vsync (90.0 kHz d)
[   503.320] (II) modeset(0): Modeline "928x696"x120.1  109.15  928 976 1088 1264  696 696 698 719 doublescan -hsync +vsync (86.4 kHz d)
[   503.320] (II) modeset(0): Modeline "896x672"x120.0  102.40  896 960 1060 1224  672 672 674 697 doublescan -hsync +vsync (83.7 kHz d)
[   503.320] (II) modeset(0): Modeline "1024x576"x119.9   98.50  1024 1092 1200 1376  576 577 580 597 doublescan -hsync +vsync (71.6 kHz d)
[   503.320] (II) modeset(0): Modeline "1024x576"x119.9   78.38  1024 1048 1064 1104  576 577 580 592 doublescan +hsync -vsync (71.0 kHz d)
[   503.320] (II) modeset(0): Modeline "1024x576"x59.9   46.50  1024 1064 1160 1296  576 579 584 599 -hsync +vsync (35.9 kHz d)
[   503.320] (II) modeset(0): Modeline "1024x576"x59.8   42.00  1024 1072 1104 1184  576 579 584 593 +hsync -vsync (35.5 kHz d)
[   503.320] (II) modeset(0): Modeline "960x600"x119.9   96.62  960 1028 1128 1296  600 601 604 622 doublescan -hsync +vsync (74.6 kHz d)
[   503.320] (II) modeset(0): Modeline "960x600"x120.0   77.00  960 984 1000 1040  600 601 604 617 doublescan +hsync -vsync (74.0 kHz d)
[   503.320] (II) modeset(0): Modeline "960x540"x119.9   86.50  960 1024 1124 1288  540 541 544 560 doublescan -hsync +vsync (67.2 kHz d)
[   503.320] (II) modeset(0): Modeline "960x540"x120.0   69.25  960 984 1000 1040  540 541 544 555 doublescan +hsync -vsync (66.6 kHz d)
[   503.320] (II) modeset(0): Modeline "960x540"x59.6   40.75  960 992 1088 1216  540 543 548 562 -hsync +vsync (33.5 kHz d)
[   503.320] (II) modeset(0): Modeline "960x540"x59.8   37.25  960 1008 1040 1120  540 543 548 556 +hsync -vsync (33.3 kHz d)
[   503.320] (II) modeset(0): Modeline "800x600"x120.0   81.00  800 832 928 1080  600 600 602 625 doublescan +hsync +vsync (75.0 kHz d)
[   503.320] (II) modeset(0): Modeline "800x600"x60.3   40.00  800 840 968 1056  600 601 605 628 +hsync +vsync (37.9 kHz d)
[   503.320] (II) modeset(0): Modeline "800x600"x56.2   36.00  800 824 896 1024  600 601 603 625 +hsync +vsync (35.2 kHz d)
[   503.320] (II) modeset(0): Modeline "840x525"x120.0   73.12  840 892 980 1120  525 526 529 544 doublescan -hsync +vsync (65.3 kHz d)
[   503.320] (II) modeset(0): Modeline "840x525"x119.8   59.50  840 864 880 920  525 526 529 540 doublescan +hsync -vsync (64.7 kHz d)
[   503.320] (II) modeset(0): Modeline "864x486"x59.9   32.50  864 888 968 1072  486 489 494 506 -hsync +vsync (30.3 kHz d)
[   503.320] (II) modeset(0): Modeline "864x486"x59.6   30.50  864 912 944 1024  486 489 494 500 +hsync -vsync (29.8 kHz d)
[   503.320] (II) modeset(0): Modeline "700x525"x120.0   61.00  700 744 820 940  525 526 532 541 doublescan +hsync +vsync (64.9 kHz d)
[   503.320] (II) modeset(0): Modeline "800x450"x119.9   59.12  800 848 928 1056  450 451 454 467 doublescan -hsync +vsync (56.0 kHz d)
[   503.320] (II) modeset(0): Modeline "800x450"x119.6   48.75  800 824 840 880  450 451 454 463 doublescan +hsync -vsync (55.4 kHz d)
[   503.320] (II) modeset(0): Modeline "640x512"x120.0   54.00  640 664 720 844  512 512 514 533 doublescan +hsync +vsync (64.0 kHz d)
[   503.320] (II) modeset(0): Modeline "700x450"x119.9   51.75  700 740 812 924  450 451 456 467 doublescan -hsync +vsync (56.0 kHz d)
[   503.320] (II) modeset(0): Modeline "700x450"x119.8   43.25  700 724 740 780  450 451 456 463 doublescan +hsync -vsync (55.4 kHz d)
[   503.320] (II) modeset(0): Modeline "640x480"x120.0   54.00  640 688 744 900  480 480 482 500 doublescan +hsync +vsync (60.0 kHz d)
[   503.320] (II) modeset(0): Modeline "640x480"x59.9   25.18  640 656 752 800  480 490 492 525 -hsync -vsync (31.5 kHz d)
[   503.321] (II) modeset(0): Modeline "720x405"x59.5   22.50  720 744 808 896  405 408 413 422 -hsync +vsync (25.1 kHz d)
[   503.321] (II) modeset(0): Modeline "720x405"x59.0   21.75  720 768 800 880  405 408 413 419 +hsync -vsync (24.7 kHz d)
[   503.321] (II) modeset(0): Modeline "684x384"x119.8   42.62  684 720 788 892  384 385 390 399 doublescan -hsync +vsync (47.8 kHz d)
[   503.321] (II) modeset(0): Modeline "684x384"x119.7   36.12  684 708 724 764  384 385 390 395 doublescan +hsync -vsync (47.3 kHz d)
[   503.321] (II) modeset(0): Modeline "640x400"x119.8   41.75  640 676 740 840  400 401 404 415 doublescan -hsync +vsync (49.7 kHz d)
[   503.321] (II) modeset(0): Modeline "640x400"x120.0   35.50  640 664 680 720  400 401 404 411 doublescan +hsync -vsync (49.3 kHz d)
[   503.321] (II) modeset(0): Modeline "640x360"x119.7   37.25  640 672 736 832  360 361 364 374 doublescan -hsync +vsync (44.8 kHz d)
[   503.321] (II) modeset(0): Modeline "640x360"x119.7   31.88  640 664 680 720  360 361 364 370 doublescan +hsync -vsync (44.3 kHz d)
[   503.321] (II) modeset(0): Modeline "640x360"x59.8   18.00  640 664 720 800  360 363 368 376 -hsync +vsync (22.5 kHz d)
[   503.321] (II) modeset(0): Modeline "640x360"x59.3   17.75  640 688 720 800  360 363 368 374 +hsync -vsync (22.2 kHz d)
[   503.321] (II) modeset(0): Modeline "512x384"x120.0   32.50  512 524 592 672  384 385 388 403 doublescan -hsync -vsync (48.4 kHz d)
[   503.321] (II) modeset(0): Modeline "512x288"x120.0   23.25  512 532 580 648  288 289 292 299 doublescan -hsync +vsync (35.9 kHz d)
[   503.321] (II) modeset(0): Modeline "512x288"x119.8   21.00  512 536 552 592  288 289 292 296 doublescan +hsync -vsync (35.5 kHz d)
[   503.321] (II) modeset(0): Modeline "480x270"x119.3   20.38  480 496 544 608  270 271 274 281 doublescan -hsync +vsync (33.5 kHz d)
[   503.321] (II) modeset(0): Modeline "480x270"x119.6   18.62  480 504 520 560  270 271 274 278 doublescan +hsync -vsync (33.3 kHz d)
[   503.321] (II) modeset(0): Modeline "400x300"x120.6   20.00  400 420 484 528  300 300 302 314 doublescan +hsync +vsync (37.9 kHz d)
[   503.321] (II) modeset(0): Modeline "400x300"x112.7   18.00  400 412 448 512  300 300 301 312 doublescan +hsync +vsync (35.2 kHz d)
[   503.321] (II) modeset(0): Modeline "432x243"x119.8   16.25  432 444 484 536  243 244 247 253 doublescan -hsync +vsync (30.3 kHz d)
[   503.321] (II) modeset(0): Modeline "432x243"x119.1   15.25  432 456 472 512  243 244 247 250 doublescan +hsync -vsync (29.8 kHz d)
[   503.321] (II) modeset(0): Modeline "320x240"x120.1   12.59  320 328 376 400  240 245 246 262 doublescan -hsync -vsync (31.5 kHz d)
[   503.321] (II) modeset(0): Modeline "360x202"x119.0   11.25  360 372 404 448  202 204 206 211 doublescan -hsync +vsync (25.1 kHz d)
[   503.321] (II) modeset(0): Modeline "360x202"x118.3   10.88  360 384 400 440  202 204 206 209 doublescan +hsync -vsync (24.7 kHz d)
[   503.321] (II) modeset(0): Modeline "320x180"x119.7    9.00  320 332 360 400  180 181 184 188 doublescan -hsync +vsync (22.5 kHz d)
[   503.321] (II) modeset(0): Modeline "320x180"x118.6    8.88  320 344 360 400  180 181 184 187 doublescan +hsync -vsync (22.2 kHz d)
[   503.330] (II) modeset(0): EDID for output VGA-1
[   503.482] (II) modeset(0): EDID for output HDMI-1
[   503.561] (II) modeset(0): EDID for output DP-1
[   503.562] (II) modeset(0): EDID for output HDMI-2
[   503.643] (II) modeset(0): EDID for output DP-2
[   503.721] (II) modeset(0): EDID for output DP-3
[   503.721] (II) modeset(0): Output LVDS-1 connected
[   503.721] (II) modeset(0): Output VGA-1 disconnected
[   503.721] (II) modeset(0): Output HDMI-1 disconnected
[   503.721] (II) modeset(0): Output DP-1 disconnected
[   503.721] (II) modeset(0): Output HDMI-2 disconnected
[   503.721] (II) modeset(0): Output DP-2 disconnected
[   503.721] (II) modeset(0): Output DP-3 disconnected
[   503.721] (II) modeset(0): Using exact sizes for initial modes
[   503.721] (II) modeset(0): Output LVDS-1 using initial mode 1280x800 +0+0
[   503.721] (==) modeset(0): Using gamma correction (1.0, 1.0, 1.0)
[   503.721] (==) modeset(0): DPI set to (96, 96)
[   503.721] (II) Loading sub module "fb"
[   503.721] (II) LoadModule: "fb"
[   503.721] (II) Loading /usr/lib/xorg/modules/libfb.so
[   503.721] (II) Module fb: vendor="X.Org Foundation"
[   503.721] 	compiled for 1.20.7, module version = 1.0.0
[   503.721] 	ABI class: X.Org ANSI C Emulation, version 0.4
[   503.736] (==) modeset(0): Backing store enabled
[   503.736] (==) modeset(0): Silken mouse disabled
[   503.771] (II) modeset(0): Initializing kms color map for depth 24, 8 bpc.
[   503.772] (==) modeset(0): DPMS enabled
[   503.772] (II) modeset(0): [DRI2] Setup complete
[   503.772] (II) modeset(0): [DRI2]   DRI driver: i965
[   503.772] (II) modeset(0): [DRI2]   VDPAU driver: va_gl
[   503.772] (II) Initializing extension Generic Event Extension
[   503.772] (II) Initializing extension SHAPE
[   503.772] (II) Initializing extension MIT-SHM
[   503.772] (II) Initializing extension XInputExtension
[   503.772] (II) Initializing extension XTEST
[   503.772] (II) Initializing extension BIG-REQUESTS
[   503.772] (II) Initializing extension SYNC
[   503.772] (II) Initializing extension XKEYBOARD
[   503.772] (II) Initializing extension XC-MISC
[   503.772] (II) Initializing extension SECURITY
[   503.773] (II) Initializing extension XFIXES
[   503.773] (II) Initializing extension RENDER
[   503.773] (II) Initializing extension RANDR
[   503.773] (II) Initializing extension COMPOSITE
[   503.773] (II) Initializing extension DAMAGE
[   503.773] (II) Initializing extension MIT-SCREEN-SAVER
[   503.773] (II) Initializing extension DOUBLE-BUFFER
[   503.773] (II) Initializing extension RECORD
[   503.773] (II) Initializing extension DPMS
[   503.773] (II) Initializing extension Present
[   503.773] (II) Initializing extension DRI3
[   503.773] (II) Initializing extension X-Resource
[   503.773] (II) Initializing extension XVideo
[   503.773] (II) Initializing extension XVideo-MotionCompensation
[   503.773] (II) Initializing extension GLX
[   503.791] (II) AIGLX: Loaded and initialized i965
[   503.791] (II) GLX: Initialized DRI2 GL provider for screen 0
[   503.791] (II) Initializing extension XFree86-VidModeExtension
[   503.791] (II) Initializing extension XFree86-DGA
[   503.791] (II) Initializing extension XFree86-DRI
[   503.791] (II) Initializing extension DRI2
[   503.794] (II) modeset(0): Damage tracking initialized
[   503.794] (II) modeset(0): Setting screen physical size to 338 x 211
[   503.847] (II) config/udev: Adding input device Power Button (/dev/input/event2)
[   503.847] (**) Power Button: Applying InputClass "libinput keyboard catchall"
[   503.847] (II) LoadModule: "libinput"
[   503.847] (II) Loading /usr/lib/xorg/modules/input/libinput_drv.so
[   503.849] (II) Module libinput: vendor="X.Org Foundation"
[   503.849] 	compiled for 1.20.7, module version = 0.29.0
[   503.849] 	Module class: X.Org XInput Driver
[   503.849] 	ABI class: X.Org XInput driver, version 24.1
[   503.849] (II) Using input driver 'libinput' for 'Power Button'
[   503.851] (II) systemd-logind: got fd for /dev/input/event2 13:66 fd 14 paused 0
[   503.851] (**) Power Button: always reports core events
[   503.851] (**) Option "Device" "/dev/input/event2"
[   503.851] (**) Option "_source" "server/udev"
[   503.854] (II) event2  - Power Button: is tagged by udev as: Keyboard
[   503.854] (II) event2  - Power Button: device is a keyboard
[   503.854] (II) event2  - Power Button: device removed
[   503.854] (**) Option "config_info" "udev:/sys/devices/LNXSYSTM:00/LNXPWRBN:00/input/input2/event2"
[   503.854] (II) XINPUT: Adding extended input device "Power Button" (type: KEYBOARD, id 6)
[   503.855] (II) event2  - Power Button: is tagged by udev as: Keyboard
[   503.855] (II) event2  - Power Button: device is a keyboard
[   503.856] (II) config/udev: Adding input device Video Bus (/dev/input/event7)
[   503.856] (**) Video Bus: Applying InputClass "libinput keyboard catchall"
[   503.856] (II) Using input driver 'libinput' for 'Video Bus'
[   503.857] (II) systemd-logind: got fd for /dev/input/event7 13:71 fd 17 paused 0
[   503.857] (**) Video Bus: always reports core events
[   503.857] (**) Option "Device" "/dev/input/event7"
[   503.857] (**) Option "_source" "server/udev"
[   503.859] (II) event7  - Video Bus: is tagged by udev as: Keyboard
[   503.859] (II) event7  - Video Bus: device is a keyboard
[   503.859] (II) event7  - Video Bus: device removed
[   503.859] (**) Option "config_info" "udev:/sys/devices/LNXSYSTM:00/LNXSYBUS:00/PNP0A08:00/LNXVIDEO:00/input/input8/event7"
[   503.859] (II) XINPUT: Adding extended input device "Video Bus" (type: KEYBOARD, id 7)
[   503.861] (II) event7  - Video Bus: is tagged by udev as: Keyboard
[   503.861] (II) event7  - Video Bus: device is a keyboard
[   503.862] (II) config/udev: Adding input device Lid Switch (/dev/input/event0)
[   503.862] (II) No input driver specified, ignoring this device.
[   503.862] (II) This device may have been added with another device file.
[   503.862] (II) config/udev: Adding input device Sleep Button (/dev/input/event1)
[   503.862] (**) Sleep Button: Applying InputClass "libinput keyboard catchall"
[   503.863] (II) Using input driver 'libinput' for 'Sleep Button'
[   503.864] (II) systemd-logind: got fd for /dev/input/event1 13:65 fd 18 paused 0
[   503.864] (**) Sleep Button: always reports core events
[   503.864] (**) Option "Device" "/dev/input/event1"
[   503.864] (**) Option "_source" "server/udev"
[   503.865] (II) event1  - Sleep Button: is tagged by udev as: Keyboard
[   503.865] (II) event1  - Sleep Button: device is a keyboard
[   503.865] (II) event1  - Sleep Button: device removed
[   503.865] (**) Option "config_info" "udev:/sys/devices/LNXSYSTM:00/LNXSYBUS:00/PNP0C0E:00/input/input1/event1"
[   503.865] (II) XINPUT: Adding extended input device "Sleep Button" (type: KEYBOARD, id 8)
[   503.867] (II) event1  - Sleep Button: is tagged by udev as: Keyboard
[   503.867] (II) event1  - Sleep Button: device is a keyboard
[   503.869] (II) config/udev: Adding input device UVC Camera (17ef:480c): Integra (/dev/input/event12)
[   503.869] (**) UVC Camera (17ef:480c): Integra: Applying InputClass "libinput keyboard catchall"
[   503.869] (II) Using input driver 'libinput' for 'UVC Camera (17ef:480c): Integra'
[   503.870] (II) systemd-logind: got fd for /dev/input/event12 13:76 fd 19 paused 0
[   503.870] (**) UVC Camera (17ef:480c): Integra: always reports core events
[   503.870] (**) Option "Device" "/dev/input/event12"
[   503.870] (**) Option "_source" "server/udev"
[   503.872] (II) event12 - UVC Camera (17ef:480c): Integra: is tagged by udev as: Keyboard
[   503.872] (II) event12 - UVC Camera (17ef:480c): Integra: device is a keyboard
[   503.872] (II) event12 - UVC Camera (17ef:480c): Integra: device removed
[   503.872] (**) Option "config_info" "udev:/sys/devices/pci0000:00/0000:00:1a.7/usb1/1-6/1-6:1.0/input/input13/event12"
[   503.872] (II) XINPUT: Adding extended input device "UVC Camera (17ef:480c): Integra" (type: KEYBOARD, id 9)
[   503.874] (II) event12 - UVC Camera (17ef:480c): Integra: is tagged by udev as: Keyboard
[   503.874] (II) event12 - UVC Camera (17ef:480c): Integra: device is a keyboard
[   503.875] (II) config/udev: Adding input device HDA Intel Dock Mic (/dev/input/event9)
[   503.875] (II) No input driver specified, ignoring this device.
[   503.875] (II) This device may have been added with another device file.
[   503.876] (II) config/udev: Adding input device HDA Intel Dock Headphone (/dev/input/event10)
[   503.876] (II) No input driver specified, ignoring this device.
[   503.876] (II) This device may have been added with another device file.
[   503.876] (II) config/udev: Adding input device HDA Intel Headphone (/dev/input/event11)
[   503.876] (II) No input driver specified, ignoring this device.
[   503.876] (II) This device may have been added with another device file.
[   503.877] (II) config/udev: Adding input device HDA Intel Mic (/dev/input/event8)
[   503.877] (II) No input driver specified, ignoring this device.
[   503.877] (II) This device may have been added with another device file.
[   503.878] (II) config/udev: Adding input device AT Translated Set 2 keyboard (/dev/input/event3)
[   503.878] (**) AT Translated Set 2 keyboard: Applying InputClass "libinput keyboard catchall"
[   503.878] (II) Using input driver 'libinput' for 'AT Translated Set 2 keyboard'
[   503.879] (II) systemd-logind: got fd for /dev/input/event3 13:67 fd 20 paused 0
[   503.879] (**) AT Translated Set 2 keyboard: always reports core events
[   503.879] (**) Option "Device" "/dev/input/event3"
[   503.879] (**) Option "_source" "server/udev"
[   503.881] (II) event3  - AT Translated Set 2 keyboard: is tagged by udev as: Keyboard
[   503.881] (II) event3  - AT Translated Set 2 keyboard: device is a keyboard
[   503.882] (II) event3  - AT Translated Set 2 keyboard: device removed
[   503.882] (**) Option "config_info" "udev:/sys/devices/platform/i8042/serio0/input/input3/event3"
[   503.882] (II) XINPUT: Adding extended input device "AT Translated Set 2 keyboard" (type: KEYBOARD, id 10)
[   503.884] (II) event3  - AT Translated Set 2 keyboard: is tagged by udev as: Keyboard
[   503.884] (II) event3  - AT Translated Set 2 keyboard: device is a keyboard
[   503.886] (II) config/udev: Adding input device TPPS/2 IBM TrackPoint (/dev/input/event5)
[   503.886] (**) TPPS/2 IBM TrackPoint: Applying InputClass "libinput pointer catchall"
[   503.886] (II) Using input driver 'libinput' for 'TPPS/2 IBM TrackPoint'
[   503.887] (II) systemd-logind: got fd for /dev/input/event5 13:69 fd 21 paused 0
[   503.887] (**) TPPS/2 IBM TrackPoint: always reports core events
[   503.887] (**) Option "Device" "/dev/input/event5"
[   503.887] (**) Option "_source" "server/udev"
[   503.888] (II) event5  - TPPS/2 IBM TrackPoint: is tagged by udev as: Mouse Pointingstick
[   503.889] (II) event5  - TPPS/2 IBM TrackPoint: trackpoint multiplier is 1.25
[   503.889] (II) event5  - TPPS/2 IBM TrackPoint: device is a pointer
[   503.890] (II) event5  - TPPS/2 IBM TrackPoint: device removed
[   503.890] (**) Option "config_info" "udev:/sys/devices/platform/i8042/serio1/input/input5/event5"
[   503.890] (II) XINPUT: Adding extended input device "TPPS/2 IBM TrackPoint" (type: MOUSE, id 11)
[   503.890] (**) Option "AccelerationScheme" "none"
[   503.890] (**) TPPS/2 IBM TrackPoint: (accel) selected scheme none/0
[   503.890] (**) TPPS/2 IBM TrackPoint: (accel) acceleration factor: 2.000
[   503.890] (**) TPPS/2 IBM TrackPoint: (accel) acceleration threshold: 4
[   503.892] (II) event5  - TPPS/2 IBM TrackPoint: is tagged by udev as: Mouse Pointingstick
[   503.892] (II) event5  - TPPS/2 IBM TrackPoint: trackpoint multiplier is 1.25
[   503.892] (II) event5  - TPPS/2 IBM TrackPoint: device is a pointer
[   503.894] (II) config/udev: Adding input device TPPS/2 IBM TrackPoint (/dev/input/mouse0)
[   503.894] (II) No input driver specified, ignoring this device.
[   503.894] (II) This device may have been added with another device file.
[   503.894] (II) config/udev: Adding input device PC Speaker (/dev/input/event4)
[   503.894] (II) No input driver specified, ignoring this device.
[   503.894] (II) This device may have been added with another device file.
[   503.895] (II) config/udev: Adding input device ThinkPad Extra Buttons (/dev/input/event6)
[   503.895] (**) ThinkPad Extra Buttons: Applying InputClass "libinput keyboard catchall"
[   503.896] (II) Using input driver 'libinput' for 'ThinkPad Extra Buttons'
[   503.896] (II) systemd-logind: got fd for /dev/input/event6 13:70 fd 22 paused 0
[   503.897] (**) ThinkPad Extra Buttons: always reports core events
[   503.897] (**) Option "Device" "/dev/input/event6"
[   503.897] (**) Option "_source" "server/udev"
[   503.898] (II) event6  - ThinkPad Extra Buttons: is tagged by udev as: Keyboard Switch
[   503.898] (II) event6  - ThinkPad Extra Buttons: device is a keyboard
[   503.898] (II) event6  - ThinkPad Extra Buttons: device removed
[   503.898] (**) Option "config_info" "udev:/sys/devices/platform/thinkpad_acpi/input/input7/event6"
[   503.898] (II) XINPUT: Adding extended input device "ThinkPad Extra Buttons" (type: KEYBOARD, id 12)
[   503.900] (II) event6  - ThinkPad Extra Buttons: is tagged by udev as: Keyboard Switch
[   503.900] (II) event6  - ThinkPad Extra Buttons: device is a keyboard
[   505.959] (II) modeset(0): EDID vendor "LEN", prod id 16400
[   505.959] (II) modeset(0): Printing DDC gathered Modelines:
[   505.959] (II) modeset(0): Modeline "1280x800"x0.0   75.30  1280 1296 1344 1512  800 802 804 830 -hsync -vsync (49.8 kHz eP)
[   505.959] (II) modeset(0): Modeline "1280x800"x0.0   59.26  1280 1328 1360 1440  800 803 809 823 -hsync -vsync (41.2 kHz e)
